<?xml version="1.0" encoding="UTF-8"?>
<!-- Generated by org.testng.reporters.JUnitReportReporter -->
<testsuite hostname="DESKTOP-LELF0B0" failures="0" tests="1" name="com.crm.AutoDesk.Organisation.CreateOrgAndCheck_CopyBillingAdress_EnabledOrNotTest" time="26.313" errors="0" timestamp="2021-12-27T18:04:27 IST" skipped="0">
  <testcase classname="com.crm.AutoDesk.Organisation.CreateOrgAndCheck_CopyBillingAdress_EnabledOrNotTest" name="createOrgCheckWithBillAdd" time="26.313"/>
  <system-out/>
</testsuite> <!-- com.crm.AutoDesk.Organisation.CreateOrgAndCheck_CopyBillingAdress_EnabledOrNotTest -->
