<?xml version="1.0" encoding="UTF-8"?>
<!-- Generated by org.testng.reporters.JUnitReportReporter -->
<testsuite hostname="DESKTOP-LELF0B0" failures="0" tests="5" name="practice.DataProvidePractice2Test" time="0.033" errors="0" timestamp="2021-12-24T10:30:49 IST" skipped="0">
  <testcase classname="practice.DataProvidePractice2Test" name="readDataFromDataProviderTest" time="0.004"/>
  <system-out/>
  <testcase classname="practice.DataProvidePractice2Test" name="readDataFromDataProviderTest" time="0.009"/>
  <system-out/>
  <testcase classname="practice.DataProvidePractice2Test" name="readDataFromDataProviderTest" time="0.003"/>
  <system-out/>
  <testcase classname="practice.DataProvidePractice2Test" name="readDataFromDataProviderTest" time="0.003"/>
  <system-out/>
  <testcase classname="practice.DataProvidePractice2Test" name="readDataFromDataProviderTest" time="0.014"/>
  <system-out/>
</testsuite> <!-- practice.DataProvidePractice2Test -->
