<?xml version="1.0" encoding="UTF-8"?>
<!-- Generated by org.testng.reporters.JUnitReportReporter -->
<testsuite hostname="DESKTOP-LELF0B0" failures="0" tests="1" name="com.crm.AutoDesk.Contacts.CreateContactWithOrgNameTest" time="50.966" errors="0" timestamp="2021-12-27T18:04:27 IST" skipped="0">
  <testcase classname="com.crm.AutoDesk.Contacts.CreateContactWithOrgNameTest" name="createContactWithOrgName" time="50.966"/>
  <system-out/>
</testsuite> <!-- com.crm.AutoDesk.Contacts.CreateContactWithOrgNameTest -->
