<?xml version="1.0" encoding="UTF-8"?>
<!-- Generated by org.testng.reporters.JUnitReportReporter -->
<testsuite hostname="DESKTOP-LELF0B0" failures="0" tests="2" name="com.crm.AutoDesk.Organisation.CreateOrgTest" time="33.377" errors="0" timestamp="2021-12-27T18:18:52 IST" skipped="0">
  <testcase classname="com.crm.AutoDesk.Organisation.CreateOrgTest" name="createOrg" time="21.911"/>
  <system-out/>
  <testcase classname="com.crm.AutoDesk.Organisation.CreateOrgTest" name="demo" time="11.466"/>
  <system-out/>
</testsuite> <!-- com.crm.AutoDesk.Organisation.CreateOrgTest -->
