<?xml version="1.0" encoding="UTF-8"?>
<!-- Generated by org.testng.reporters.JUnitReportReporter -->
<testsuite hostname="DESKTOP-LELF0B0" failures="0" tests="3" name="practice.DataProviderPracticeTest" time="0.016" errors="0" timestamp="2021-12-23T20:15:58 IST" skipped="0">
  <testcase classname="practice.DataProviderPracticeTest" name="readDataFromDataProviderTest" time="0.003"/>
  <system-out/>
  <testcase classname="practice.DataProviderPracticeTest" name="readDataFromDataProviderTest" time="0.003"/>
  <system-out/>
  <testcase classname="practice.DataProviderPracticeTest" name="readDataFromDataProviderTest" time="0.010"/>
  <system-out/>
</testsuite> <!-- practice.DataProviderPracticeTest -->
