<?xml version="1.0" encoding="UTF-8"?>
<!-- Generated by org.testng.reporters.JUnitReportReporter -->
<testsuite hostname="DESKTOP-LELF0B0" failures="0" tests="1" name="com.crm.AutoDesk.Contacts.CreateContact" time="22.484" errors="0" timestamp="2021-12-27T14:36:07 IST" skipped="0">
  <testcase classname="com.crm.AutoDesk.Contacts.CreateContact" name="createContactTest" time="22.484"/>
  <system-out/>
</testsuite> <!-- com.crm.AutoDesk.Contacts.CreateContact -->
