<?xml version="1.0" encoding="UTF-8"?>
<!-- Generated by org.testng.reporters.JUnitReportReporter -->
<testsuite hostname="DESKTOP-LELF0B0" failures="0" tests="1" name="com.crm.AutoDesk.Contacts.CreateContactTest" time="27.185" errors="0" timestamp="2021-12-27T18:18:52 IST" skipped="0">
  <testcase classname="com.crm.AutoDesk.Contacts.CreateContactTest" name="createContactTest" time="27.185"/>
  <system-out/>
</testsuite> <!-- com.crm.AutoDesk.Contacts.CreateContactTest -->
